INFO: [VRFC 10-2263] Analyzing Verilog file "E:/ascon_debugger/project_5/project_5.sim/sim_1/impl/func/xsim/Ascon_Top_tb_func_impl.v" into library xil_defaultlib
INFO: [VRFC 10-311] analyzing module clk_x_pntrs
INFO: [VRFC 10-311] analyzing module clk_x_pntrs_8
INFO: [VRFC 10-311] analyzing module dbg_hub
INFO: [VRFC 10-311] analyzing module dmem
INFO: [VRFC 10-311] analyzing module dmem_14
INFO: [VRFC 10-311] analyzing module fifo_generator_ramfifo
INFO: [VRFC 10-311] analyzing module fifo_generator_ramfifo__parameterized0
INFO: [VRFC 10-311] analyzing module fifo_generator_top
INFO: [VRFC 10-311] analyzing module fifo_generator_top__parameterized0
INFO: [VRFC 10-311] analyzing module fifo_generator_v13_1_5
INFO: [VRFC 10-311] analyzing module fifo_generator_v13_1_5__parameterized0
INFO: [VRFC 10-311] analyzing module fifo_generator_v13_1_5_synth
INFO: [VRFC 10-311] analyzing module fifo_generator_v13_1_5_synth__parameterized0
INFO: [VRFC 10-311] analyzing module ltlib_v1_0_1_bscan
INFO: [VRFC 10-311] analyzing module ltlib_v1_0_1_generic_mux
INFO: [VRFC 10-311] analyzing module memory
INFO: [VRFC 10-311] analyzing module memory__parameterized0
INFO: [VRFC 10-311] analyzing module rd_bin_cntr
INFO: [VRFC 10-311] analyzing module rd_bin_cntr_19
INFO: [VRFC 10-311] analyzing module rd_fwft
INFO: [VRFC 10-311] analyzing module rd_handshaking_flags
INFO: [VRFC 10-311] analyzing module rd_handshaking_flags__parameterized0
INFO: [VRFC 10-311] analyzing module rd_logic
INFO: [VRFC 10-311] analyzing module rd_logic__parameterized0
INFO: [VRFC 10-311] analyzing module rd_status_flags_as
INFO: [VRFC 10-311] analyzing module rd_status_flags_as_18
INFO: [VRFC 10-311] analyzing module reset_blk_ramfifo
INFO: [VRFC 10-311] analyzing module reset_blk_ramfifo_9
INFO: [VRFC 10-311] analyzing module synchronizer_ff
INFO: [VRFC 10-311] analyzing module synchronizer_ff_10
INFO: [VRFC 10-311] analyzing module synchronizer_ff_11
INFO: [VRFC 10-311] analyzing module synchronizer_ff_12
INFO: [VRFC 10-311] analyzing module synchronizer_ff_13
INFO: [VRFC 10-311] analyzing module synchronizer_ff_2
INFO: [VRFC 10-311] analyzing module synchronizer_ff_3
INFO: [VRFC 10-311] analyzing module synchronizer_ff_4
INFO: [VRFC 10-311] analyzing module synchronizer_ff__parameterized0
INFO: [VRFC 10-311] analyzing module synchronizer_ff__parameterized0_20
INFO: [VRFC 10-311] analyzing module synchronizer_ff__parameterized0_21
INFO: [VRFC 10-311] analyzing module synchronizer_ff__parameterized0_22
INFO: [VRFC 10-311] analyzing module synchronizer_ff__parameterized0_23
INFO: [VRFC 10-311] analyzing module synchronizer_ff__parameterized0_5
INFO: [VRFC 10-311] analyzing module synchronizer_ff__parameterized0_6
INFO: [VRFC 10-311] analyzing module synchronizer_ff__parameterized0_7
INFO: [VRFC 10-311] analyzing module wr_bin_cntr
INFO: [VRFC 10-311] analyzing module wr_bin_cntr_17
INFO: [VRFC 10-311] analyzing module wr_handshaking_flags
INFO: [VRFC 10-311] analyzing module wr_handshaking_flags_16
INFO: [VRFC 10-311] analyzing module wr_logic
INFO: [VRFC 10-311] analyzing module wr_logic__parameterized0
INFO: [VRFC 10-311] analyzing module wr_status_flags_as
INFO: [VRFC 10-311] analyzing module wr_status_flags_as_15
INFO: [VRFC 10-311] analyzing module xsdbm_v3_0_0_addr_ctl
INFO: [VRFC 10-311] analyzing module xsdbm_v3_0_0_bscan_switch
INFO: [VRFC 10-311] analyzing module xsdbm_v3_0_0_burst_wdlen_ctl
INFO: [VRFC 10-311] analyzing module xsdbm_v3_0_0_bus_ctl
INFO: [VRFC 10-311] analyzing module xsdbm_v3_0_0_bus_ctl_cnt
INFO: [VRFC 10-311] analyzing module xsdbm_v3_0_0_bus_ctl_flg
INFO: [VRFC 10-311] analyzing module xsdbm_v3_0_0_bus_ctl_flg__parameterized0
INFO: [VRFC 10-311] analyzing module xsdbm_v3_0_0_bus_mstr2sl_if
INFO: [VRFC 10-311] analyzing module xsdbm_v3_0_0_cmd_decode
INFO: [VRFC 10-311] analyzing module xsdbm_v3_0_0_ctl_reg
INFO: [VRFC 10-311] analyzing module xsdbm_v3_0_0_ctl_reg_1
INFO: [VRFC 10-311] analyzing module xsdbm_v3_0_0_ctl_reg__parameterized0
INFO: [VRFC 10-311] analyzing module xsdbm_v3_0_0_ctl_reg__parameterized1
INFO: [VRFC 10-311] analyzing module xsdbm_v3_0_0_icon
INFO: [VRFC 10-311] analyzing module xsdbm_v3_0_0_icon2xsdb
INFO: [VRFC 10-311] analyzing module xsdbm_v3_0_0_if
INFO: [VRFC 10-311] analyzing module xsdbm_v3_0_0_if_static_status
INFO: [VRFC 10-311] analyzing module xsdbm_v3_0_0_rdfifo
INFO: [VRFC 10-311] analyzing module xsdbm_v3_0_0_rdreg
INFO: [VRFC 10-311] analyzing module xsdbm_v3_0_0_stat
INFO: [VRFC 10-311] analyzing module xsdbm_v3_0_0_stat_reg
INFO: [VRFC 10-311] analyzing module xsdbm_v3_0_0_stat_reg_0
INFO: [VRFC 10-311] analyzing module xsdbm_v3_0_0_stat_reg__parameterized0
INFO: [VRFC 10-311] analyzing module xsdbm_v3_0_0_sync
INFO: [VRFC 10-311] analyzing module xsdbm_v3_0_0_wrfifo
INFO: [VRFC 10-311] analyzing module xsdbm_v3_0_0_wrreg
INFO: [VRFC 10-311] analyzing module xsdbm_v3_0_0_xsdbm
INFO: [VRFC 10-311] analyzing module xsdbm_v3_0_0_xsdbm_id
INFO: [VRFC 10-311] analyzing module design_1
INFO: [VRFC 10-311] analyzing module design_1_Ascon_Top_0_0
INFO: [VRFC 10-311] analyzing module design_1_Ascon_Top_0_0_Ascon
INFO: [VRFC 10-311] analyzing module design_1_Ascon_Top_0_0_Ascon_Top
INFO: [VRFC 10-311] analyzing module design_1_Ascon_Top_0_0_Decryption
INFO: [VRFC 10-311] analyzing module design_1_Ascon_Top_0_0_Encryption
INFO: [VRFC 10-311] analyzing module design_1_Ascon_Top_0_0_FC
INFO: [VRFC 10-311] analyzing module design_1_Ascon_Top_0_0_Permutation
INFO: [VRFC 10-311] analyzing module design_1_Ascon_Top_0_0_Permutation_1
INFO: [VRFC 10-311] analyzing module design_1_Ascon_Top_0_0_RoundCounter
INFO: [VRFC 10-311] analyzing module design_1_Ascon_Top_0_0_RoundCounter_0
INFO: [VRFC 10-311] analyzing module design_1_clk_wiz_0_0
INFO: [VRFC 10-311] analyzing module design_1_clk_wiz_0_0_clk_wiz
INFO: [VRFC 10-311] analyzing module design_1_ila_0_0
INFO: [VRFC 10-311] analyzing module design_1_vio_0_0
INFO: [VRFC 10-311] analyzing module design_1_wrapper
INFO: [VRFC 10-311] analyzing module design_1_ila_0_0_ila_v6_2_14_ila
INFO: [VRFC 10-311] analyzing module design_1_ila_0_0_ila_v6_2_14_ila_cap_addrgen
INFO: [VRFC 10-311] analyzing module design_1_ila_0_0_ila_v6_2_14_ila_cap_ctrl_legacy
INFO: [VRFC 10-311] analyzing module design_1_ila_0_0_ila_v6_2_14_ila_cap_sample_counter
INFO: [VRFC 10-311] analyzing module design_1_ila_0_0_ila_v6_2_14_ila_cap_window_counter
INFO: [VRFC 10-311] analyzing module design_1_ila_0_0_ila_v6_2_14_ila_core
INFO: [VRFC 10-311] analyzing module design_1_ila_0_0_ila_v6_2_14_ila_register
INFO: [VRFC 10-311] analyzing module design_1_ila_0_0_ila_v6_2_14_ila_reset_ctrl
INFO: [VRFC 10-311] analyzing module design_1_ila_0_0_ila_v6_2_14_ila_trace_memory
INFO: [VRFC 10-311] analyzing module design_1_ila_0_0_ila_v6_2_14_ila_trig_match
INFO: [VRFC 10-311] analyzing module design_1_ila_0_0_ila_v6_2_14_ila_trigger
INFO: [VRFC 10-311] analyzing module design_1_vio_0_0_vio_v3_0_24_decoder
INFO: [VRFC 10-311] analyzing module design_1_vio_0_0_vio_v3_0_24_probe_in_one
INFO: [VRFC 10-311] analyzing module design_1_vio_0_0_vio_v3_0_24_probe_out_all
INFO: [VRFC 10-311] analyzing module design_1_vio_0_0_vio_v3_0_24_probe_out_one
INFO: [VRFC 10-311] analyzing module design_1_vio_0_0_vio_v3_0_24_vio
INFO: [VRFC 10-311] analyzing module design_1_ila_0_0_ltlib_v1_0_1_all_typeA
INFO: [VRFC 10-311] analyzing module design_1_ila_0_0_ltlib_v1_0_1_all_typeA_1
INFO: [VRFC 10-311] analyzing module design_1_ila_0_0_ltlib_v1_0_1_all_typeA_4
INFO: [VRFC 10-311] analyzing module design_1_ila_0_0_ltlib_v1_0_1_all_typeA_7
INFO: [VRFC 10-311] analyzing module design_1_ila_0_0_ltlib_v1_0_1_all_typeA_9
INFO: [VRFC 10-311] analyzing module design_1_ila_0_0_ltlib_v1_0_1_all_typeA__parameterized0
INFO: [VRFC 10-311] analyzing module design_1_ila_0_0_ltlib_v1_0_1_all_typeA__parameterized0_29
INFO: [VRFC 10-311] analyzing module design_1_ila_0_0_ltlib_v1_0_1_all_typeA__parameterized0_33
INFO: [VRFC 10-311] analyzing module design_1_ila_0_0_ltlib_v1_0_1_all_typeA_slice
INFO: [VRFC 10-311] analyzing module design_1_ila_0_0_ltlib_v1_0_1_all_typeA_slice_10
INFO: [VRFC 10-311] analyzing module design_1_ila_0_0_ltlib_v1_0_1_all_typeA_slice_2
INFO: [VRFC 10-311] analyzing module design_1_ila_0_0_ltlib_v1_0_1_all_typeA_slice_5
INFO: [VRFC 10-311] analyzing module design_1_ila_0_0_ltlib_v1_0_1_all_typeA_slice_8
INFO: [VRFC 10-311] analyzing module design_1_ila_0_0_ltlib_v1_0_1_all_typeA_slice__parameterized0
INFO: [VRFC 10-311] analyzing module design_1_ila_0_0_ltlib_v1_0_1_all_typeA_slice__parameterized0_30
INFO: [VRFC 10-311] analyzing module design_1_ila_0_0_ltlib_v1_0_1_all_typeA_slice__parameterized0_34
INFO: [VRFC 10-311] analyzing module design_1_ila_0_0_ltlib_v1_0_1_all_typeA_slice__parameterized1
INFO: [VRFC 10-311] analyzing module design_1_ila_0_0_ltlib_v1_0_1_all_typeA_slice__parameterized1_31
INFO: [VRFC 10-311] analyzing module design_1_ila_0_0_ltlib_v1_0_1_all_typeA_slice__parameterized1_35
INFO: [VRFC 10-311] analyzing module design_1_ila_0_0_ltlib_v1_0_1_allx_typeA
INFO: [VRFC 10-311] analyzing module design_1_ila_0_0_ltlib_v1_0_1_allx_typeA__parameterized0
INFO: [VRFC 10-311] analyzing module design_1_ila_0_0_ltlib_v1_0_1_allx_typeA__parameterized0_0
INFO: [VRFC 10-311] analyzing module design_1_ila_0_0_ltlib_v1_0_1_allx_typeA__parameterized0_3
INFO: [VRFC 10-311] analyzing module design_1_ila_0_0_ltlib_v1_0_1_allx_typeA__parameterized0_6
INFO: [VRFC 10-311] analyzing module design_1_ila_0_0_ltlib_v1_0_1_allx_typeA_nodelay
INFO: [VRFC 10-311] analyzing module design_1_ila_0_0_ltlib_v1_0_1_allx_typeA_nodelay_28
INFO: [VRFC 10-311] analyzing module design_1_ila_0_0_ltlib_v1_0_1_allx_typeA_nodelay_32
INFO: [VRFC 10-311] analyzing module design_1_ila_0_0_ltlib_v1_0_1_async_edge_xfer
INFO: [VRFC 10-311] analyzing module design_1_ila_0_0_ltlib_v1_0_1_async_edge_xfer__1
INFO: [VRFC 10-311] analyzing module design_1_ila_0_0_ltlib_v1_0_1_async_edge_xfer__2
INFO: [VRFC 10-311] analyzing module design_1_ila_0_0_ltlib_v1_0_1_async_edge_xfer__3
INFO: [VRFC 10-311] analyzing module design_1_ila_0_0_ltlib_v1_0_1_cfglut4
INFO: [VRFC 10-311] analyzing module design_1_ila_0_0_ltlib_v1_0_1_cfglut4__1
INFO: [VRFC 10-311] analyzing module design_1_ila_0_0_ltlib_v1_0_1_cfglut5
INFO: [VRFC 10-311] analyzing module design_1_ila_0_0_ltlib_v1_0_1_cfglut5__1
INFO: [VRFC 10-311] analyzing module design_1_ila_0_0_ltlib_v1_0_1_cfglut5__2
INFO: [VRFC 10-311] analyzing module design_1_ila_0_0_ltlib_v1_0_1_cfglut6
INFO: [VRFC 10-311] analyzing module design_1_ila_0_0_ltlib_v1_0_1_cfglut6__1
INFO: [VRFC 10-311] analyzing module design_1_ila_0_0_ltlib_v1_0_1_cfglut6__parameterized0
INFO: [VRFC 10-311] analyzing module design_1_ila_0_0_ltlib_v1_0_1_cfglut7
INFO: [VRFC 10-311] analyzing module design_1_ila_0_0_ltlib_v1_0_1_cfglut7__1
INFO: [VRFC 10-311] analyzing module design_1_ila_0_0_ltlib_v1_0_1_generic_memrd
INFO: [VRFC 10-311] analyzing module design_1_ila_0_0_ltlib_v1_0_1_match
INFO: [VRFC 10-311] analyzing module design_1_ila_0_0_ltlib_v1_0_1_match__parameterized0
INFO: [VRFC 10-311] analyzing module design_1_ila_0_0_ltlib_v1_0_1_match__parameterized0__1
INFO: [VRFC 10-311] analyzing module design_1_ila_0_0_ltlib_v1_0_1_match__parameterized0__2
INFO: [VRFC 10-311] analyzing module design_1_ila_0_0_ltlib_v1_0_1_match__parameterized0__3
INFO: [VRFC 10-311] analyzing module design_1_ila_0_0_ltlib_v1_0_1_match_nodelay
INFO: [VRFC 10-311] analyzing module design_1_ila_0_0_ltlib_v1_0_1_match_nodelay__1
INFO: [VRFC 10-311] analyzing module design_1_ila_0_0_ltlib_v1_0_1_match_nodelay__2
INFO: [VRFC 10-311] analyzing module design_1_ila_0_0_ltlib_v1_0_1_rising_edge_detection
INFO: [VRFC 10-311] analyzing module design_1_ila_0_0_ltlib_v1_0_1_rising_edge_detection__1
INFO: [VRFC 10-311] analyzing module design_1_ila_0_0_xsdbs_v1_0_3_reg__parameterized17
INFO: [VRFC 10-311] analyzing module design_1_ila_0_0_xsdbs_v1_0_3_reg__parameterized18
INFO: [VRFC 10-311] analyzing module design_1_ila_0_0_xsdbs_v1_0_3_reg__parameterized19
INFO: [VRFC 10-311] analyzing module design_1_ila_0_0_xsdbs_v1_0_3_reg__parameterized20
INFO: [VRFC 10-311] analyzing module design_1_ila_0_0_xsdbs_v1_0_3_reg__parameterized32
INFO: [VRFC 10-311] analyzing module design_1_ila_0_0_xsdbs_v1_0_3_reg__parameterized33
INFO: [VRFC 10-311] analyzing module design_1_ila_0_0_xsdbs_v1_0_3_reg__parameterized34
INFO: [VRFC 10-311] analyzing module design_1_ila_0_0_xsdbs_v1_0_3_reg__parameterized35
INFO: [VRFC 10-311] analyzing module design_1_ila_0_0_xsdbs_v1_0_3_reg__parameterized36
INFO: [VRFC 10-311] analyzing module design_1_ila_0_0_xsdbs_v1_0_3_reg__parameterized37
INFO: [VRFC 10-311] analyzing module design_1_ila_0_0_xsdbs_v1_0_3_reg__parameterized38
INFO: [VRFC 10-311] analyzing module design_1_ila_0_0_xsdbs_v1_0_3_reg__parameterized39
INFO: [VRFC 10-311] analyzing module design_1_ila_0_0_xsdbs_v1_0_3_reg__parameterized40
INFO: [VRFC 10-311] analyzing module design_1_ila_0_0_xsdbs_v1_0_3_reg__parameterized41
INFO: [VRFC 10-311] analyzing module design_1_ila_0_0_xsdbs_v1_0_3_reg__parameterized42
INFO: [VRFC 10-311] analyzing module design_1_ila_0_0_xsdbs_v1_0_3_reg__parameterized43
INFO: [VRFC 10-311] analyzing module design_1_ila_0_0_xsdbs_v1_0_3_reg__parameterized45
INFO: [VRFC 10-311] analyzing module design_1_ila_0_0_xsdbs_v1_0_3_reg__parameterized47
INFO: [VRFC 10-311] analyzing module design_1_ila_0_0_xsdbs_v1_0_3_reg__parameterized50
INFO: [VRFC 10-311] analyzing module design_1_ila_0_0_xsdbs_v1_0_3_reg_ctl
INFO: [VRFC 10-311] analyzing module design_1_ila_0_0_xsdbs_v1_0_3_reg_ctl_14
INFO: [VRFC 10-311] analyzing module design_1_ila_0_0_xsdbs_v1_0_3_reg_ctl_15
INFO: [VRFC 10-311] analyzing module design_1_ila_0_0_xsdbs_v1_0_3_reg_ctl_16
INFO: [VRFC 10-311] analyzing module design_1_ila_0_0_xsdbs_v1_0_3_reg_ctl_17
INFO: [VRFC 10-311] analyzing module design_1_ila_0_0_xsdbs_v1_0_3_reg_ctl_20
INFO: [VRFC 10-311] analyzing module design_1_ila_0_0_xsdbs_v1_0_3_reg_ctl_21
INFO: [VRFC 10-311] analyzing module design_1_ila_0_0_xsdbs_v1_0_3_reg_ctl_22
INFO: [VRFC 10-311] analyzing module design_1_ila_0_0_xsdbs_v1_0_3_reg_ctl_23
INFO: [VRFC 10-311] analyzing module design_1_ila_0_0_xsdbs_v1_0_3_reg_ctl_24
INFO: [VRFC 10-311] analyzing module design_1_ila_0_0_xsdbs_v1_0_3_reg_ctl_27
INFO: [VRFC 10-311] analyzing module design_1_ila_0_0_xsdbs_v1_0_3_reg_ctl__parameterized0
INFO: [VRFC 10-311] analyzing module design_1_ila_0_0_xsdbs_v1_0_3_reg_ctl__parameterized1
INFO: [VRFC 10-311] analyzing module design_1_ila_0_0_xsdbs_v1_0_3_reg_ctl__parameterized1_18
INFO: [VRFC 10-311] analyzing module design_1_ila_0_0_xsdbs_v1_0_3_reg_ctl__parameterized1_19
INFO: [VRFC 10-311] analyzing module design_1_ila_0_0_xsdbs_v1_0_3_reg_p2s
INFO: [VRFC 10-311] analyzing module design_1_ila_0_0_xsdbs_v1_0_3_reg_p2s__parameterized0
INFO: [VRFC 10-311] analyzing module design_1_ila_0_0_xsdbs_v1_0_3_reg_p2s__parameterized1
INFO: [VRFC 10-311] analyzing module design_1_ila_0_0_xsdbs_v1_0_3_reg_p2s__parameterized2
INFO: [VRFC 10-311] analyzing module design_1_ila_0_0_xsdbs_v1_0_3_reg_p2s__parameterized3
INFO: [VRFC 10-311] analyzing module design_1_ila_0_0_xsdbs_v1_0_3_reg_p2s__parameterized4
INFO: [VRFC 10-311] analyzing module design_1_ila_0_0_xsdbs_v1_0_3_reg_stat
INFO: [VRFC 10-311] analyzing module design_1_ila_0_0_xsdbs_v1_0_3_reg_stat_11
INFO: [VRFC 10-311] analyzing module design_1_ila_0_0_xsdbs_v1_0_3_reg_stat_12
INFO: [VRFC 10-311] analyzing module design_1_ila_0_0_xsdbs_v1_0_3_reg_stat_13
INFO: [VRFC 10-311] analyzing module design_1_ila_0_0_xsdbs_v1_0_3_reg_stat_25
INFO: [VRFC 10-311] analyzing module design_1_ila_0_0_xsdbs_v1_0_3_reg_stat_26
INFO: [VRFC 10-311] analyzing module design_1_ila_0_0_xsdbs_v1_0_3_reg_stream
INFO: [VRFC 10-311] analyzing module design_1_ila_0_0_xsdbs_v1_0_3_reg_stream__parameterized0
INFO: [VRFC 10-311] analyzing module design_1_ila_0_0_xsdbs_v1_0_3_xsdbs
INFO: [VRFC 10-311] analyzing module design_1_vio_0_0_xsdbs_v1_0_3_xsdbs
INFO: [VRFC 10-311] analyzing module design_1_ila_0_0_blk_mem_gen_v8_4_7
INFO: [VRFC 10-311] analyzing module design_1_ila_0_0_blk_mem_gen_v8_4_7_blk_mem_gen_generic_cstr
INFO: [VRFC 10-311] analyzing module design_1_ila_0_0_blk_mem_gen_v8_4_7_blk_mem_gen_prim_width
INFO: [VRFC 10-311] analyzing module design_1_ila_0_0_blk_mem_gen_v8_4_7_blk_mem_gen_prim_wrapper
INFO: [VRFC 10-311] analyzing module design_1_ila_0_0_blk_mem_gen_v8_4_7_blk_mem_gen_top
INFO: [VRFC 10-311] analyzing module design_1_ila_0_0_blk_mem_gen_v8_4_7_synth
INFO: [VRFC 10-311] analyzing module glbl
INFO: [VRFC 10-2263] Analyzing Verilog file "E:/ascon_debugger/project_3_encryption/project_3_encryption.srcs/sources_1/new/Ascon.v" into library xil_defaultlib
INFO: [VRFC 10-311] analyzing module Ascon
INFO: [VRFC 10-2263] Analyzing Verilog file "E:/ascon_debugger/project_3_encryption/project_3_encryption.srcs/sources_1/new/Ascon_Top.v" into library xil_defaultlib
INFO: [VRFC 10-311] analyzing module Ascon_Top
INFO: [VRFC 10-2263] Analyzing Verilog file "E:/ascon_debugger/project_3_encryption/project_3_encryption.srcs/sources_1/new/Decryption.v" into library xil_defaultlib
INFO: [VRFC 10-311] analyzing module Decryption
INFO: [VRFC 10-2263] Analyzing Verilog file "E:/ascon_debugger/project_3_encryption/project_3_encryption.srcs/sources_1/new/Encyption.v" into library xil_defaultlib
INFO: [VRFC 10-311] analyzing module Encryption
WARNING: [VRFC 10-9336] redeclaration of ANSI port 'encryption_ready' is not allowed [E:/ascon_debugger/project_3_encryption/project_3_encryption.srcs/sources_1/new/Encyption.v:40]
INFO: [VRFC 10-2263] Analyzing Verilog file "E:/ascon_debugger/project_3_encryption/project_3_encryption.srcs/sources_1/new/FC.v" into library xil_defaultlib
INFO: [VRFC 10-311] analyzing module FC
INFO: [VRFC 10-2263] Analyzing Verilog file "E:/ascon_debugger/project_3_encryption/project_3_encryption.srcs/sources_1/new/linear_layer.v" into library xil_defaultlib
INFO: [VRFC 10-311] analyzing module linear_layer
INFO: [VRFC 10-2263] Analyzing Verilog file "E:/ascon_debugger/project_3_encryption/project_3_encryption.srcs/sources_1/new/permutation.v" into library xil_defaultlib
INFO: [VRFC 10-311] analyzing module Permutation
INFO: [VRFC 10-2263] Analyzing Verilog file "E:/ascon_debugger/project_3_encryption/project_3_encryption.srcs/sources_1/new/roundconstant.v" into library xil_defaultlib
INFO: [VRFC 10-311] analyzing module roundconstant
INFO: [VRFC 10-2263] Analyzing Verilog file "E:/ascon_debugger/project_3_encryption/project_3_encryption.srcs/sources_1/new/roundcounter.v" into library xil_defaultlib
INFO: [VRFC 10-311] analyzing module RoundCounter
INFO: [VRFC 10-2263] Analyzing Verilog file "E:/ascon_debugger/project_3_encryption/project_3_encryption.srcs/sources_1/new/sub_layer.v" into library xil_defaultlib
INFO: [VRFC 10-311] analyzing module sub_layer
INFO: [VRFC 10-2263] Analyzing Verilog file "E:/ascon_debugger/project_3_encryption/project_3_encryption.srcs/sim_1/new/Ascon_Top_tb.v" into library xil_defaultlib
INFO: [VRFC 10-311] analyzing module Ascon_Top_tb
