
*** Running vivado
    with args -log Ascon_Top_tb.vds -m64 -product Vivado -mode batch -messageDb vivado.pb -notrace -source Ascon_Top_tb.tcl


ECHO is off.
ECHO is off.

****** Vivado v2023.2 (64-bit)
  **** SW Build 4029153 on Fri Oct 13 20:14:34 MDT 2023
  **** IP Build 4028589 on Sat Oct 14 00:45:43 MDT 2023
  **** SharedData Build 4025554 on Tue Oct 10 17:18:54 MDT 2023
    ** Copyright 1986-2022 Xilinx, Inc. All Rights Reserved.
    ** Copyright 2022-2023 Advanced Micro Devices, Inc. All Rights Reserved.

source Ascon_Top_tb.tcl -notrace
create_project: Time (s): cpu = 00:00:06 ; elapsed = 00:00:06 . Memory (MB): peak = 472.344 ; gain = 178.234
Command: synth_design -top Ascon_Top_tb -part xc7a100tcsg324-2
Starting synth_design
Attempting to get a license for feature 'Synthesis' and/or device 'xc7a100t'
INFO: [Common 17-349] Got license for feature 'Synthesis' and/or device 'xc7a100t'
INFO: [Synth 8-7079] Multithreading enabled for synth_design using a maximum of 2 processes.
INFO: [Synth 8-7078] Launching helper process for spawning children vivado processes
WARNING: [Common 17-1361] You have specified a new message control rule that is equivalent to an existing rule with attributes ' -id {17-179}  -suppress '. The existing rule will be replaced.
INFO: [Synth 8-7075] Helper process launched with PID 7968
---------------------------------------------------------------------------------
Starting Synthesize : Time (s): cpu = 00:00:05 ; elapsed = 00:00:06 . Memory (MB): peak = 919.898 ; gain = 443.582
---------------------------------------------------------------------------------
WARNING: [Synth 8-11065] parameter 'c' becomes localparam in 'Decryption' with formal parameter declaration list [E:/ascon_debugger/project_3_encryption/project_3_encryption.srcs/sources_1/new/Decryption.v:24]
WARNING: [Synth 8-11065] parameter 'nz_ad' becomes localparam in 'Decryption' with formal parameter declaration list [E:/ascon_debugger/project_3_encryption/project_3_encryption.srcs/sources_1/new/Decryption.v:26]
WARNING: [Synth 8-11065] parameter 'L' becomes localparam in 'Decryption' with formal parameter declaration list [E:/ascon_debugger/project_3_encryption/project_3_encryption.srcs/sources_1/new/Decryption.v:27]
WARNING: [Synth 8-11065] parameter 's' becomes localparam in 'Decryption' with formal parameter declaration list [E:/ascon_debugger/project_3_encryption/project_3_encryption.srcs/sources_1/new/Decryption.v:28]
WARNING: [Synth 8-11065] parameter 'nz_p' becomes localparam in 'Decryption' with formal parameter declaration list [E:/ascon_debugger/project_3_encryption/project_3_encryption.srcs/sources_1/new/Decryption.v:30]
WARNING: [Synth 8-11065] parameter 'Y' becomes localparam in 'Decryption' with formal parameter declaration list [E:/ascon_debugger/project_3_encryption/project_3_encryption.srcs/sources_1/new/Decryption.v:31]
WARNING: [Synth 8-11065] parameter 't' becomes localparam in 'Decryption' with formal parameter declaration list [E:/ascon_debugger/project_3_encryption/project_3_encryption.srcs/sources_1/new/Decryption.v:32]
WARNING: [Synth 8-11065] parameter 'IDLE' becomes localparam in 'Decryption' with formal parameter declaration list [E:/ascon_debugger/project_3_encryption/project_3_encryption.srcs/sources_1/new/Decryption.v:66]
WARNING: [Synth 8-11065] parameter 'INITIALIZE' becomes localparam in 'Decryption' with formal parameter declaration list [E:/ascon_debugger/project_3_encryption/project_3_encryption.srcs/sources_1/new/Decryption.v:67]
WARNING: [Synth 8-11065] parameter 'ASSOCIATED_DATA' becomes localparam in 'Decryption' with formal parameter declaration list [E:/ascon_debugger/project_3_encryption/project_3_encryption.srcs/sources_1/new/Decryption.v:68]
WARNING: [Synth 8-11065] parameter 'CTPT' becomes localparam in 'Decryption' with formal parameter declaration list [E:/ascon_debugger/project_3_encryption/project_3_encryption.srcs/sources_1/new/Decryption.v:69]
WARNING: [Synth 8-11065] parameter 'FINALIZE' becomes localparam in 'Decryption' with formal parameter declaration list [E:/ascon_debugger/project_3_encryption/project_3_encryption.srcs/sources_1/new/Decryption.v:70]
WARNING: [Synth 8-11065] parameter 'DONE' becomes localparam in 'Decryption' with formal parameter declaration list [E:/ascon_debugger/project_3_encryption/project_3_encryption.srcs/sources_1/new/Decryption.v:71]
WARNING: [Synth 8-11121] redeclaration of ANSI port 'encryption_ready' is not allowed [E:/ascon_debugger/project_3_encryption/project_3_encryption.srcs/sources_1/new/Encyption.v:40]
WARNING: [Synth 8-11065] parameter 'c' becomes localparam in 'Encryption' with formal parameter declaration list [E:/ascon_debugger/project_3_encryption/project_3_encryption.srcs/sources_1/new/Encyption.v:25]
WARNING: [Synth 8-11065] parameter 'nz_ad' becomes localparam in 'Encryption' with formal parameter declaration list [E:/ascon_debugger/project_3_encryption/project_3_encryption.srcs/sources_1/new/Encyption.v:27]
WARNING: [Synth 8-11065] parameter 'L' becomes localparam in 'Encryption' with formal parameter declaration list [E:/ascon_debugger/project_3_encryption/project_3_encryption.srcs/sources_1/new/Encyption.v:28]
WARNING: [Synth 8-11065] parameter 's' becomes localparam in 'Encryption' with formal parameter declaration list [E:/ascon_debugger/project_3_encryption/project_3_encryption.srcs/sources_1/new/Encyption.v:29]
WARNING: [Synth 8-11065] parameter 'nz_p' becomes localparam in 'Encryption' with formal parameter declaration list [E:/ascon_debugger/project_3_encryption/project_3_encryption.srcs/sources_1/new/Encyption.v:31]
WARNING: [Synth 8-11065] parameter 'Y' becomes localparam in 'Encryption' with formal parameter declaration list [E:/ascon_debugger/project_3_encryption/project_3_encryption.srcs/sources_1/new/Encyption.v:32]
WARNING: [Synth 8-11065] parameter 't' becomes localparam in 'Encryption' with formal parameter declaration list [E:/ascon_debugger/project_3_encryption/project_3_encryption.srcs/sources_1/new/Encyption.v:33]
WARNING: [Synth 8-11065] parameter 'IDLE' becomes localparam in 'Encryption' with formal parameter declaration list [E:/ascon_debugger/project_3_encryption/project_3_encryption.srcs/sources_1/new/Encyption.v:70]
WARNING: [Synth 8-11065] parameter 'INITIALIZE' becomes localparam in 'Encryption' with formal parameter declaration list [E:/ascon_debugger/project_3_encryption/project_3_encryption.srcs/sources_1/new/Encyption.v:71]
WARNING: [Synth 8-11065] parameter 'ASSOCIATED_DATA' becomes localparam in 'Encryption' with formal parameter declaration list [E:/ascon_debugger/project_3_encryption/project_3_encryption.srcs/sources_1/new/Encyption.v:72]
WARNING: [Synth 8-11065] parameter 'PTCT' becomes localparam in 'Encryption' with formal parameter declaration list [E:/ascon_debugger/project_3_encryption/project_3_encryption.srcs/sources_1/new/Encyption.v:73]
WARNING: [Synth 8-11065] parameter 'FINALIZE' becomes localparam in 'Encryption' with formal parameter declaration list [E:/ascon_debugger/project_3_encryption/project_3_encryption.srcs/sources_1/new/Encyption.v:74]
WARNING: [Synth 8-11065] parameter 'DONE' becomes localparam in 'Encryption' with formal parameter declaration list [E:/ascon_debugger/project_3_encryption/project_3_encryption.srcs/sources_1/new/Encyption.v:75]
INFO: [Synth 8-6157] synthesizing module 'Ascon_Top_tb' [E:/ascon_debugger/project_3_encryption/project_3_encryption.srcs/sim_1/new/Ascon_Top_tb.v:3]
WARNING: [Synth 8-6896] wait statement is inside initial block, initial block items will be ignored [E:/ascon_debugger/project_3_encryption/project_3_encryption.srcs/sim_1/new/Ascon_Top_tb.v:41]
WARNING: [Synth 8-11581] system task call 'monitor' not supported [E:/ascon_debugger/project_3_encryption/project_3_encryption.srcs/sim_1/new/Ascon_Top_tb.v:59]
INFO: [Synth 8-6157] synthesizing module 'Ascon_Top' [E:/ascon_debugger/project_3_encryption/project_3_encryption.srcs/sources_1/new/Ascon_Top.v:3]
INFO: [Synth 8-6157] synthesizing module 'Ascon' [E:/ascon_debugger/project_3_encryption/project_3_encryption.srcs/sources_1/new/Ascon.v:3]
	Parameter k bound to: 128 - type: integer 
	Parameter r bound to: 64 - type: integer 
	Parameter a bound to: 12 - type: integer 
	Parameter b bound to: 6 - type: integer 
	Parameter l bound to: 40 - type: integer 
	Parameter y bound to: 40 - type: integer 
	Parameter FP bound to: 1 - type: integer 
INFO: [Synth 8-6157] synthesizing module 'FC' [E:/ascon_debugger/project_3_encryption/project_3_encryption.srcs/sources_1/new/FC.v:2]
	Parameter k bound to: 128 - type: integer 
	Parameter r bound to: 64 - type: integer 
	Parameter a bound to: 12 - type: integer 
	Parameter b bound to: 6 - type: integer 
	Parameter l bound to: 40 - type: integer 
	Parameter y bound to: 40 - type: integer 
	Parameter FP bound to: 1 - type: integer 
INFO: [Synth 8-6157] synthesizing module 'Encryption' [E:/ascon_debugger/project_3_encryption/project_3_encryption.srcs/sources_1/new/Encyption.v:3]
	Parameter k bound to: 128 - type: integer 
	Parameter r bound to: 64 - type: integer 
	Parameter a bound to: 12 - type: integer 
	Parameter b bound to: 6 - type: integer 
	Parameter l bound to: 40 - type: integer 
	Parameter y bound to: 40 - type: integer 
INFO: [Synth 8-6157] synthesizing module 'Permutation' [E:/ascon_debugger/project_3_encryption/project_3_encryption.srcs/sources_1/new/permutation.v:2]
INFO: [Synth 8-6157] synthesizing module 'roundconstant' [E:/ascon_debugger/project_3_encryption/project_3_encryption.srcs/sources_1/new/roundconstant.v:2]
INFO: [Synth 8-6155] done synthesizing module 'roundconstant' (0#1) [E:/ascon_debugger/project_3_encryption/project_3_encryption.srcs/sources_1/new/roundconstant.v:2]
INFO: [Synth 8-6157] synthesizing module 'sub_layer' [E:/ascon_debugger/project_3_encryption/project_3_encryption.srcs/sources_1/new/sub_layer.v:2]
INFO: [Synth 8-6155] done synthesizing module 'sub_layer' (0#1) [E:/ascon_debugger/project_3_encryption/project_3_encryption.srcs/sources_1/new/sub_layer.v:2]
INFO: [Synth 8-6157] synthesizing module 'linear_layer' [E:/ascon_debugger/project_3_encryption/project_3_encryption.srcs/sources_1/new/linear_layer.v:3]
INFO: [Synth 8-6155] done synthesizing module 'linear_layer' (0#1) [E:/ascon_debugger/project_3_encryption/project_3_encryption.srcs/sources_1/new/linear_layer.v:3]
INFO: [Synth 8-6155] done synthesizing module 'Permutation' (0#1) [E:/ascon_debugger/project_3_encryption/project_3_encryption.srcs/sources_1/new/permutation.v:2]
INFO: [Synth 8-6157] synthesizing module 'RoundCounter' [E:/ascon_debugger/project_3_encryption/project_3_encryption.srcs/sources_1/new/roundcounter.v:2]
INFO: [Synth 8-6155] done synthesizing module 'RoundCounter' (0#1) [E:/ascon_debugger/project_3_encryption/project_3_encryption.srcs/sources_1/new/roundcounter.v:2]
INFO: [Synth 8-6155] done synthesizing module 'Encryption' (0#1) [E:/ascon_debugger/project_3_encryption/project_3_encryption.srcs/sources_1/new/Encyption.v:3]
INFO: [Synth 8-6157] synthesizing module 'Decryption' [E:/ascon_debugger/project_3_encryption/project_3_encryption.srcs/sources_1/new/Decryption.v:3]
	Parameter k bound to: 128 - type: integer 
	Parameter r bound to: 64 - type: integer 
	Parameter a bound to: 12 - type: integer 
	Parameter b bound to: 6 - type: integer 
	Parameter l bound to: 40 - type: integer 
	Parameter y bound to: 40 - type: integer 
INFO: [Synth 8-6155] done synthesizing module 'Decryption' (0#1) [E:/ascon_debugger/project_3_encryption/project_3_encryption.srcs/sources_1/new/Decryption.v:3]
INFO: [Synth 8-6155] done synthesizing module 'FC' (0#1) [E:/ascon_debugger/project_3_encryption/project_3_encryption.srcs/sources_1/new/FC.v:2]
INFO: [Synth 8-6155] done synthesizing module 'Ascon' (0#1) [E:/ascon_debugger/project_3_encryption/project_3_encryption.srcs/sources_1/new/Ascon.v:3]
INFO: [Synth 8-6155] done synthesizing module 'Ascon_Top' (0#1) [E:/ascon_debugger/project_3_encryption/project_3_encryption.srcs/sources_1/new/Ascon_Top.v:3]
WARNING: [Synth 8-85] always block has no event control specified [E:/ascon_debugger/project_3_encryption/project_3_encryption.srcs/sim_1/new/Ascon_Top_tb.v:24]
INFO: [Synth 8-6155] done synthesizing module 'Ascon_Top_tb' (0#1) [E:/ascon_debugger/project_3_encryption/project_3_encryption.srcs/sim_1/new/Ascon_Top_tb.v:3]
WARNING: [Synth 8-3848] Net rst in module/entity Ascon_Top_tb does not have driver. [E:/ascon_debugger/project_3_encryption/project_3_encryption.srcs/sim_1/new/Ascon_Top_tb.v:7]
WARNING: [Synth 8-3848] Net start in module/entity Ascon_Top_tb does not have driver. [E:/ascon_debugger/project_3_encryption/project_3_encryption.srcs/sim_1/new/Ascon_Top_tb.v:8]
---------------------------------------------------------------------------------
Finished Synthesize : Time (s): cpu = 00:00:07 ; elapsed = 00:00:09 . Memory (MB): peak = 1045.727 ; gain = 569.410
---------------------------------------------------------------------------------
---------------------------------------------------------------------------------
Finished Constraint Validation : Time (s): cpu = 00:00:08 ; elapsed = 00:00:10 . Memory (MB): peak = 1045.727 ; gain = 569.410
---------------------------------------------------------------------------------
---------------------------------------------------------------------------------
Start Loading Part and Timing Information
---------------------------------------------------------------------------------
Loading part: xc7a100tcsg324-2
---------------------------------------------------------------------------------
Finished Loading Part and Timing Information : Time (s): cpu = 00:00:08 ; elapsed = 00:00:10 . Memory (MB): peak = 1045.727 ; gain = 569.410
---------------------------------------------------------------------------------
INFO: [Device 21-403] Loading part xc7a100tcsg324-2
INFO: [Synth 8-802] inferred FSM for state register 'state_reg' in module 'Encryption'
INFO: [Synth 8-802] inferred FSM for state register 'state_reg' in module 'Decryption'
INFO: [Synth 8-802] inferred FSM for state register 'state_reg' in module 'Ascon'
---------------------------------------------------------------------------------------------------
                   State |                     New Encoding |                Previous Encoding 
---------------------------------------------------------------------------------------------------
                    IDLE |                              000 |                              000
              INITIALIZE |                              001 |                              001
         ASSOCIATED_DATA |                              010 |                              010
                    PTCT |                              011 |                              011
                FINALIZE |                              100 |                              100
                    DONE |                              101 |                              101
---------------------------------------------------------------------------------------------------
INFO: [Synth 8-3354] encoded FSM with state register 'state_reg' using encoding 'sequential' in module 'Encryption'
---------------------------------------------------------------------------------------------------
                   State |                     New Encoding |                Previous Encoding 
---------------------------------------------------------------------------------------------------
                    IDLE |                              000 |                              000
              INITIALIZE |                              001 |                              001
         ASSOCIATED_DATA |                              010 |                              010
                    CTPT |                              011 |                              011
                FINALIZE |                              100 |                              100
                    DONE |                              101 |                              101
---------------------------------------------------------------------------------------------------
INFO: [Synth 8-3354] encoded FSM with state register 'state_reg' using encoding 'sequential' in module 'Decryption'
---------------------------------------------------------------------------------------------------
                   State |                     New Encoding |                Previous Encoding 
---------------------------------------------------------------------------------------------------
                    IDLE |                               00 |                               00
              ENCRYPTING |                               01 |                               01
              DECRYPTING |                               10 |                               10
          AUTHENTICATING |                               11 |                               11
---------------------------------------------------------------------------------------------------
INFO: [Synth 8-3354] encoded FSM with state register 'state_reg' using encoding 'sequential' in module 'Ascon'
---------------------------------------------------------------------------------
Finished RTL Optimization Phase 2 : Time (s): cpu = 00:00:10 ; elapsed = 00:00:11 . Memory (MB): peak = 1045.727 ; gain = 569.410
---------------------------------------------------------------------------------
INFO: [Synth 8-223] decloning instance 'uut/uut/fc_inst/d1' (Encryption) to 'uut/uut/fc_inst/d2'
INFO: [Synth 8-223] decloning instance 'uut/uut/fc_inst/d1' (Encryption) to 'uut/uut/fc_inst/d3'
INFO: [Synth 8-223] decloning instance 'uut/uut/fc_inst/d4' (Decryption) to 'uut/uut/fc_inst/d5'
INFO: [Synth 8-223] decloning instance 'uut/uut/fc_inst/d4' (Decryption) to 'uut/uut/fc_inst/d6'
No constraint files found.
---------------------------------------------------------------------------------
Start RTL Component Statistics 
---------------------------------------------------------------------------------
Detailed RTL Component Info : 
+---Adders : 
	   2 Input   32 Bit       Adders := 2     
	   2 Input    8 Bit       Adders := 6     
	   2 Input    5 Bit       Adders := 2     
	   2 Input    2 Bit       Adders := 2     
+---XORs : 
	   2 Input    320 Bit         XORs := 6     
	   2 Input    128 Bit         XORs := 2     
	   2 Input     64 Bit         XORs := 17    
	   3 Input      1 Bit         XORs := 640   
+---Registers : 
	              320 Bit    Registers := 2     
	              128 Bit    Registers := 6     
	               64 Bit    Registers := 10    
	               40 Bit    Registers := 4     
	                5 Bit    Registers := 2     
	                2 Bit    Registers := 2     
	                1 Bit    Registers := 8     
+---Muxes : 
	   2 Input  320 Bit        Muxes := 6     
	   6 Input  128 Bit        Muxes := 2     
	   2 Input  128 Bit        Muxes := 4     
	   6 Input   64 Bit        Muxes := 2     
	   2 Input   40 Bit        Muxes := 4     
	   4 Input    8 Bit        Muxes := 2     
	   2 Input    8 Bit        Muxes := 2     
	   6 Input    4 Bit        Muxes := 2     
	   6 Input    3 Bit        Muxes := 4     
	   2 Input    2 Bit        Muxes := 3     
	   4 Input    2 Bit        Muxes := 1     
	   2 Input    1 Bit        Muxes := 10    
	   6 Input    1 Bit        Muxes := 10    
	   4 Input    1 Bit        Muxes := 10    
---------------------------------------------------------------------------------
Finished RTL Component Statistics 
---------------------------------------------------------------------------------
---------------------------------------------------------------------------------
Start Part Resource Summary
---------------------------------------------------------------------------------
Part Resources:
DSPs: 240 (col length:80)
BRAMs: 270 (col length: RAMB18 80 RAMB36 40)
---------------------------------------------------------------------------------
Finished Part Resource Summary
---------------------------------------------------------------------------------
No constraint files found.
---------------------------------------------------------------------------------
Start Cross Boundary and Area Optimization
---------------------------------------------------------------------------------
WARNING: [Synth 8-7080] Parallel synthesis criteria is not met
WARNING: [Synth 8-3332] Sequential element (FSM_sequential_state_reg[2]) is unused and will be removed from module Encryption.
WARNING: [Synth 8-3332] Sequential element (FSM_sequential_state_reg[1]) is unused and will be removed from module Encryption.
WARNING: [Synth 8-3332] Sequential element (FSM_sequential_state_reg[0]) is unused and will be removed from module Encryption.
WARNING: [Synth 8-3332] Sequential element (FSM_sequential_state_reg[2]) is unused and will be removed from module Decryption.
WARNING: [Synth 8-3332] Sequential element (FSM_sequential_state_reg[1]) is unused and will be removed from module Decryption.
WARNING: [Synth 8-3332] Sequential element (FSM_sequential_state_reg[0]) is unused and will be removed from module Decryption.
WARNING: [Synth 8-3332] Sequential element (uut/uut/FSM_sequential_state_reg[1]) is unused and will be removed from module Ascon_Top_tb.
WARNING: [Synth 8-3332] Sequential element (uut/uut/FSM_sequential_state_reg[0]) is unused and will be removed from module Ascon_Top_tb.
---------------------------------------------------------------------------------
Finished Cross Boundary and Area Optimization : Time (s): cpu = 00:00:14 ; elapsed = 00:00:25 . Memory (MB): peak = 1244.820 ; gain = 768.504
---------------------------------------------------------------------------------
No constraint files found.
---------------------------------------------------------------------------------
Start Timing Optimization
---------------------------------------------------------------------------------
---------------------------------------------------------------------------------
Finished Timing Optimization : Time (s): cpu = 00:00:14 ; elapsed = 00:00:26 . Memory (MB): peak = 1244.820 ; gain = 768.504
---------------------------------------------------------------------------------
---------------------------------------------------------------------------------
Start Technology Mapping
---------------------------------------------------------------------------------
---------------------------------------------------------------------------------
Finished Technology Mapping : Time (s): cpu = 00:00:14 ; elapsed = 00:00:26 . Memory (MB): peak = 1244.820 ; gain = 768.504
---------------------------------------------------------------------------------
---------------------------------------------------------------------------------
Start IO Insertion
---------------------------------------------------------------------------------
---------------------------------------------------------------------------------
Start Flattening Before IO Insertion
---------------------------------------------------------------------------------
---------------------------------------------------------------------------------
Finished Flattening Before IO Insertion
---------------------------------------------------------------------------------
---------------------------------------------------------------------------------
Start Final Netlist Cleanup
---------------------------------------------------------------------------------
---------------------------------------------------------------------------------
Finished Final Netlist Cleanup
---------------------------------------------------------------------------------
---------------------------------------------------------------------------------
Finished IO Insertion : Time (s): cpu = 00:00:19 ; elapsed = 00:00:31 . Memory (MB): peak = 1244.820 ; gain = 768.504
---------------------------------------------------------------------------------
---------------------------------------------------------------------------------
Start Renaming Generated Instances
---------------------------------------------------------------------------------
---------------------------------------------------------------------------------
Finished Renaming Generated Instances : Time (s): cpu = 00:00:19 ; elapsed = 00:00:31 . Memory (MB): peak = 1244.820 ; gain = 768.504
---------------------------------------------------------------------------------
---------------------------------------------------------------------------------
Start Rebuilding User Hierarchy
---------------------------------------------------------------------------------
---------------------------------------------------------------------------------
Finished Rebuilding User Hierarchy : Time (s): cpu = 00:00:19 ; elapsed = 00:00:31 . Memory (MB): peak = 1244.820 ; gain = 768.504
---------------------------------------------------------------------------------
---------------------------------------------------------------------------------
Start Renaming Generated Ports
---------------------------------------------------------------------------------
---------------------------------------------------------------------------------
Finished Renaming Generated Ports : Time (s): cpu = 00:00:19 ; elapsed = 00:00:31 . Memory (MB): peak = 1244.820 ; gain = 768.504
---------------------------------------------------------------------------------
---------------------------------------------------------------------------------
Start Handling Custom Attributes
---------------------------------------------------------------------------------
---------------------------------------------------------------------------------
Finished Handling Custom Attributes : Time (s): cpu = 00:00:19 ; elapsed = 00:00:31 . Memory (MB): peak = 1244.820 ; gain = 768.504
---------------------------------------------------------------------------------
---------------------------------------------------------------------------------
Start Renaming Generated Nets
---------------------------------------------------------------------------------
---------------------------------------------------------------------------------
Finished Renaming Generated Nets : Time (s): cpu = 00:00:19 ; elapsed = 00:00:31 . Memory (MB): peak = 1244.820 ; gain = 768.504
---------------------------------------------------------------------------------
---------------------------------------------------------------------------------
Start Writing Synthesis Report
---------------------------------------------------------------------------------

Report BlackBoxes: 
+-+--------------+----------+
| |BlackBox name |Instances |
+-+--------------+----------+
+-+--------------+----------+

Report Cell Usage: 
+-+-----+------+
| |Cell |Count |
+-+-----+------+
+-+-----+------+

Report Instance Areas: 
+------+---------+-------+------+
|      |Instance |Module |Cells |
+------+---------+-------+------+
|1     |top      |       |     0|
+------+---------+-------+------+
---------------------------------------------------------------------------------
Finished Writing Synthesis Report : Time (s): cpu = 00:00:19 ; elapsed = 00:00:31 . Memory (MB): peak = 1244.820 ; gain = 768.504
---------------------------------------------------------------------------------
Synthesis finished with 0 errors, 0 critical warnings and 42 warnings.
Synthesis Optimization Runtime : Time (s): cpu = 00:00:19 ; elapsed = 00:00:31 . Memory (MB): peak = 1244.820 ; gain = 768.504
Synthesis Optimization Complete : Time (s): cpu = 00:00:19 ; elapsed = 00:00:31 . Memory (MB): peak = 1244.820 ; gain = 768.504
INFO: [Project 1-571] Translating synthesized netlist
Netlist sorting complete. Time (s): cpu = 00:00:00 ; elapsed = 00:00:00 . Memory (MB): peak = 1244.820 ; gain = 0.000
INFO: [Project 1-570] Preparing netlist for logic optimization
INFO: [Opt 31-138] Pushed 0 inverter(s) to 0 load pin(s).
Netlist sorting complete. Time (s): cpu = 00:00:00 ; elapsed = 00:00:00 . Memory (MB): peak = 1338.805 ; gain = 0.000
INFO: [Project 1-111] Unisim Transformation Summary:
No Unisim elements were transformed.

The system cannot find the path specified.
Synth Design complete | Checksum: b13fa4f5
INFO: [Common 17-83] Releasing license: Synthesis
42 Infos, 42 Warnings, 0 Critical Warnings and 0 Errors encountered.
synth_design completed successfully
synth_design: Time (s): cpu = 00:00:20 ; elapsed = 00:00:34 . Memory (MB): peak = 1338.805 ; gain = 866.461
INFO: [Common 17-1381] The checkpoint 'E:/ascon_debugger/project_5/project_5.runs/synth_1/Ascon_Top_tb.dcp' has been generated.
INFO: [runtcl-4] Executing : report_utilization -file Ascon_Top_tb_utilization_synth.rpt -pb Ascon_Top_tb_utilization_synth.pb
INFO: [Common 17-206] Exiting Vivado at Tue Jul  9 21:42:45 2024...
